<?xml version="1.0" encoding="UTF-8"?>
<!-- Generated by org.testng.reporters.JUnitReportReporter -->
<testsuite skipped="0" hostname="LAPTOP-5HL70CFF" name="com.runner.RunnerZoopla" tests="1" failures="0" timestamp="2021-11-10T00:45:02 EST" time="10.284" errors="0">
  <testcase name="runScenario" time="10.284" classname="com.runner.RunnerZoopla"/>
  <system-out/>
</testsuite> <!-- com.runner.RunnerZoopla -->
