<?xml version="1.0" encoding="UTF-8"?>
<!-- Generated by org.testng.reporters.JUnitReportReporter -->
<testsuite hostname="LAPTOP-5HL70CFF" failures="0" tests="4" name="com.smoketesting.TestNGannotationClass" time="0.012" errors="0" timestamp="2021-09-18T18:35:33 EDT" skipped="0">
  <testcase classname="com.smoketesting.TestNGannotationClass" name="getAction" time="0.009"/>
  <system-out/>
  <testcase classname="com.smoketesting.TestNGannotationClass" name="get" time="0.001"/>
  <system-out/>
  <testcase classname="com.smoketesting.TestNGannotationClass" name="getCloseBrowser" time="0.001"/>
  <system-out/>
  <testcase classname="com.smoketesting.TestNGannotationClass" name="getPrerequiest" time="0.001"/>
  <system-out/>
</testsuite> <!-- com.smoketesting.TestNGannotationClass -->
