<?xml version="1.0" encoding="UTF-8"?>
<!-- Generated by org.testng.reporters.JUnitReportReporter -->
<testsuite hostname="LAPTOP-5HL70CFF" failures="0" tests="2" name="com.smoketesting.TestEnable" time="0.007" errors="0" timestamp="2021-09-18T18:54:05 EDT" skipped="1">
  <testcase classname="com.smoketesting.TestEnable" name="method1" time="0.007"/>
  <system-out/>
  <testcase classname="com.smoketesting.TestEnable" name="method2">
    <skipped/>
  </testcase> <!-- method2 -->
  <system-out/>
</testsuite> <!-- com.smoketesting.TestEnable -->
