<?xml version="1.0" encoding="UTF-8"?>
<!-- Generated by org.testng.reporters.JUnitReportReporter -->
<testsuite hostname="LAPTOP-5HL70CFF" failures="0" tests="10" name="com.smoketesting.TestNGCount" time="0.015" errors="0" timestamp="2021-09-18T18:49:21 EDT" skipped="0">
  <testcase classname="com.smoketesting.TestNGCount" name="methodCount" time="0.001"/>
  <system-out/>
  <testcase classname="com.smoketesting.TestNGCount" name="methodCount" time="0.002"/>
  <system-out/>
  <testcase classname="com.smoketesting.TestNGCount" name="methodCount" time="0.000"/>
  <system-out/>
  <testcase classname="com.smoketesting.TestNGCount" name="methodCount" time="0.001"/>
  <system-out/>
  <testcase classname="com.smoketesting.TestNGCount" name="methodCount" time="0.001"/>
  <system-out/>
  <testcase classname="com.smoketesting.TestNGCount" name="methodCount" time="0.008"/>
  <system-out/>
  <testcase classname="com.smoketesting.TestNGCount" name="methodCount" time="0.000"/>
  <system-out/>
  <testcase classname="com.smoketesting.TestNGCount" name="methodCount" time="0.001"/>
  <system-out/>
  <testcase classname="com.smoketesting.TestNGCount" name="methodCount" time="0.001"/>
  <system-out/>
  <testcase classname="com.smoketesting.TestNGCount" name="methodCount" time="0.000"/>
  <system-out/>
</testsuite> <!-- com.smoketesting.TestNGCount -->
